<?xml version="1.0" encoding="UTF-8"?>
<testsuite xmlns:xsi="http://www.w3.org/2001/XMLSchema-instance" xsi:noNamespaceSchemaLocation="https://maven.apache.org/surefire/maven-surefire-plugin/xsd/surefire-test-report.xsd" version="3.0.2" name="com.example.ktu_document_management.service.FileStorageServiceImplTest" time="0.027" tests="4" errors="0" skipped="0" failures="0" flakes="0">
  <properties>
[...]
</properties>
  <testcase name="loadFileAsResource_FileNotFound_ThrowsDocumentNotFoundException" classname="com.example.ktu_document_management.service.FileStorageServiceImplTest" time="0.009">
    <system-out><![CDATA[2026-05-10T14:22:10.661+03:00  INFO 56240 --- [           main] c.e.k.s.impl.FileStorageServiceImpl      : Initializing File Storage at location: C:\Users\ASUS\AppData\Local\Temp\junit-4930390168514689422
2026-05-10T14:22:10.663+03:00  WARN 56240 --- [           main] c.e.k.s.impl.FileStorageServiceImpl      : File retrieval failed: does-not-exist.pdf does not exist or is not readable on disk.
]]></system-out>
  </testcase>
  <testcase name="storeFile_Success_SavesToDiskAndReturnsUuidName" classname="com.example.ktu_document_management.service.FileStorageServiceImplTest" time="0.005">
    <system-out><![CDATA[2026-05-10T14:22:10.670+03:00  INFO 56240 --- [           main] c.e.k.s.impl.FileStorageServiceImpl      : Initializing File Storage at location: C:\Users\ASUS\AppData\Local\Temp\junit-7309211999492526014
2026-05-10T14:22:10.671+03:00  INFO 56240 --- [           main] c.e.k.s.impl.FileStorageServiceImpl      : File thesis_draft.docx successfully stored as f4e5bed8-c8e4-4a52-a45b-c8ec5facbaa8.docx
]]></system-out>
  </testcase>
  <testcase name="loadFileAsResource_Success_ReturnsReadableStream" classname="com.example.ktu_document_management.service.FileStorageServiceImplTest" time="0.004">
    <system-out><![CDATA[2026-05-10T14:22:10.675+03:00  INFO 56240 --- [           main] c.e.k.s.impl.FileStorageServiceImpl      : Initializing File Storage at location: C:\Users\ASUS\AppData\Local\Temp\junit-15381145992073449781
2026-05-10T14:22:10.677+03:00  INFO 56240 --- [           main] c.e.k.s.impl.FileStorageServiceImpl      : File found and ready for retrieval: 123e4567-e89b-12d3-a456-426614174000.pdf
]]></system-out>
  </testcase>
  <testcase name="storeFile_EmptyFile_ThrowsException" classname="com.example.ktu_document_management.service.FileStorageServiceImplTest" time="0.005">
    <system-out><![CDATA[2026-05-10T14:22:10.682+03:00  INFO 56240 --- [           main] c.e.k.s.impl.FileStorageServiceImpl      : Initializing File Storage at location: C:\Users\ASUS\AppData\Local\Temp\junit-11689154803027111428
]]></system-out>
  </testcase>
</testsuite>