<?xml version="1.0" encoding="UTF-8"?>
<testsuite xmlns:xsi="http://www.w3.org/2001/XMLSchema-instance" xsi:noNamespaceSchemaLocation="https://maven.apache.org/surefire/maven-surefire-plugin/xsd/surefire-test-report.xsd" version="3.0.2" name="com.example.ktu_document_management.it.DocumentITest" time="9.662" tests="8" errors="0" skipped="0" failures="0" flakes="0">
  <properties>
[...]
</properties>
  <testcase name="uploadDocument_Returns201_AndPersistsToDatabase" classname="com.example.ktu_document_management.it.DocumentITest" time="0.484">
    <system-out><![CDATA[2026-05-10T14:22:00.298+03:00  INFO 56240 --- [           main] t.c.s.AnnotationConfigContextLoaderUtils : Could not detect default configuration classes for test class [com.example.ktu_document_management.it.DocumentITest]: DocumentITest does not declare any static, non-private, non-final, nested classes annotated with @Configuration.
2026-05-10T14:22:00.320+03:00  INFO 56240 --- [           main] .b.t.c.SpringBootTestContextBootstrapper : Found @SpringBootConfiguration com.example.ktu_document_management.KtuDocumentManagementApplication for test class com.example.ktu_document_management.it.DocumentITest
2026-05-10T14:22:00.328+03:00  INFO 56240 --- [           main] t.c.s.AnnotationConfigContextLoaderUtils : Could not detect default configuration classes for test class [com.example.ktu_document_management.it.DocumentITest]: DocumentITest does not declare any static, non-private, non-final, nested classes annotated with @Configuration.
2026-05-10T14:22:00.337+03:00  INFO 56240 --- [           main] .b.t.c.SpringBootTestContextBootstrapper : Found @SpringBootConfiguration com.example.ktu_document_management.KtuDocumentManagementApplication for test class com.example.ktu_document_management.it.DocumentITest

  .   ____          _            __ _ _
 /\\ / ___'_ __ _ _(_)_ __  __ _ \ \ \ \
( ( )\___ | '_ | '_| | '_ \/ _` | \ \ \ \
 \\/  ___)| |_)| | | | | || (_| |  ) ) ) )
  '  |____| .__|_| |_|_| |_\__, | / / / /
 =========|_|==============|___/=/_/_/_/

 :: Spring Boot ::                (v4.0.6)

2026-05-10T14:22:00.377+03:00  INFO 56240 --- [           main] c.e.k.it.DocumentITest                   : Starting DocumentITest using Java 21.0.7 with PID 56240 (started by ASUS in C:\Users\ASUS\Desktop\ktu-document-management\ktu-document-management)
2026-05-10T14:22:00.377+03:00  INFO 56240 --- [           main] c.e.k.it.DocumentITest                   : The following 1 profile is active: "test"
2026-05-10T14:22:00.964+03:00  INFO 56240 --- [           main] .s.d.r.c.RepositoryConfigurationDelegate : Bootstrapping Spring Data JPA repositories in DEFAULT mode.
2026-05-10T14:22:01.007+03:00  INFO 56240 --- [           main] .s.d.r.c.RepositoryConfigurationDelegate : Finished Spring Data repository scanning in 36 ms. Found 1 JPA repository interface.
2026-05-10T14:22:01.483+03:00  INFO 56240 --- [           main] o.s.boot.tomcat.TomcatWebServer          : Tomcat initialized with port 0 (http)
2026-05-10T14:22:01.495+03:00  INFO 56240 --- [           main] o.apache.catalina.core.StandardService   : Starting service [Tomcat]
2026-05-10T14:22:01.496+03:00  INFO 56240 --- [           main] o.apache.catalina.core.StandardEngine    : Starting Servlet engine: [Apache Tomcat/11.0.21]
2026-05-10T14:22:01.561+03:00  INFO 56240 --- [           main] b.w.c.s.WebApplicationContextInitializer : Root WebApplicationContext: initialization completed in 1182 ms
2026-05-10T14:22:01.724+03:00  INFO 56240 --- [           main] com.zaxxer.hikari.HikariDataSource       : HikariPool-1 - Starting...
2026-05-10T14:22:01.765+03:00  INFO 56240 --- [           main] org.testcontainers.images.PullPolicy     : Image pull policy will be performed by: DefaultPullPolicy()
2026-05-10T14:22:01.767+03:00  INFO 56240 --- [           main] o.t.utility.ImageNameSubstitutor         : Image name substitution will be performed by: DefaultImageNameSubstitutor (composite of 'ConfigurationFileImageNameSubstitutor' and 'PrefixingImageNameSubstitutor')
2026-05-10T14:22:01.775+03:00  INFO 56240 --- [           main] org.testcontainers.DockerClientFactory   : Testcontainers version: 2.0.5
2026-05-10T14:22:01.980+03:00  INFO 56240 --- [           main] o.t.d.DockerClientProviderStrategy       : Loaded org.testcontainers.dockerclient.NpipeSocketClientProviderStrategy from ~/.testcontainers.properties, will try it first
2026-05-10T14:22:02.336+03:00  INFO 56240 --- [           main] o.t.d.DockerClientProviderStrategy       : Found Docker environment with local Npipe socket (npipe:////./pipe/docker_engine)
2026-05-10T14:22:02.337+03:00  INFO 56240 --- [           main] org.testcontainers.DockerClientFactory   : Docker host IP address is localhost
2026-05-10T14:22:02.354+03:00  INFO 56240 --- [           main] org.testcontainers.DockerClientFactory   : Connected to docker: 
  Server Version: 29.1.3
  API Version: 1.52
  Operating System: Docker Desktop
  Total Memory: 7785 MB
  Labels: 
    com.docker.desktop.address=npipe://\\.\pipe\docker_cli
2026-05-10T14:22:02.621+03:00  INFO 56240 --- [           main] tc.testcontainers/ryuk:0.14.0            : Creating container for image: testcontainers/ryuk:0.14.0
2026-05-10T14:22:02.891+03:00  INFO 56240 --- [           main] tc.testcontainers/ryuk:0.14.0            : Container testcontainers/ryuk:0.14.0 is starting: 6bc8a2a5814f5b61c12d858ed6793bacbc3fc20b4300fcf74d9e508761487090
2026-05-10T14:22:03.348+03:00  INFO 56240 --- [           main] tc.testcontainers/ryuk:0.14.0            : Container testcontainers/ryuk:0.14.0 started in PT0.7271535S
2026-05-10T14:22:03.355+03:00  INFO 56240 --- [           main] o.t.utility.RyukResourceReaper           : Ryuk started - will monitor and terminate Testcontainers containers on JVM exit
2026-05-10T14:22:03.355+03:00  INFO 56240 --- [           main] org.testcontainers.DockerClientFactory   : Checking the system...
2026-05-10T14:22:03.356+03:00  INFO 56240 --- [           main] org.testcontainers.DockerClientFactory   : ✔︎ Docker server version should be at least 1.6.0
2026-05-10T14:22:03.357+03:00  INFO 56240 --- [           main] tc.postgres:16-alpine                    : Creating container for image: postgres:16-alpine
2026-05-10T14:22:03.477+03:00  INFO 56240 --- [           main] tc.postgres:16-alpine                    : Container postgres:16-alpine is starting: c2a50e4cab4641fcb3de5bef347e4b85aff3ee012e22ba03f12a27082cd19fa2
2026-05-10T14:22:05.747+03:00  INFO 56240 --- [           main] tc.postgres:16-alpine                    : Container postgres:16-alpine started in PT2.3898361S
2026-05-10T14:22:05.748+03:00  INFO 56240 --- [           main] tc.postgres:16-alpine                    : Container is started (JDBC URL: jdbc:postgresql://localhost:63431/test?loggerLevel=OFF)
2026-05-10T14:22:05.885+03:00  INFO 56240 --- [           main] com.zaxxer.hikari.pool.HikariPool        : HikariPool-1 - Added connection org.testcontainers.jdbc.ConnectionWrapper@294aaa6
2026-05-10T14:22:05.887+03:00  INFO 56240 --- [           main] com.zaxxer.hikari.HikariDataSource       : HikariPool-1 - Start completed.
2026-05-10T14:22:06.054+03:00  INFO 56240 --- [           main] liquibase.database                       : Set default schema name to public
2026-05-10T14:22:06.932+03:00  INFO 56240 --- [           main] liquibase.changelog                      : Creating database changelog table with name: public.databasechangelog
2026-05-10T14:22:06.961+03:00  INFO 56240 --- [           main] liquibase.changelog                      : Reading from public.databasechangelog
2026-05-10T14:22:06.978+03:00  INFO 56240 --- [           main] liquibase.snapshot                       : Creating snapshot
2026-05-10T14:22:07.068+03:00  INFO 56240 --- [           main] liquibase.lockservice                    : Successfully acquired change log lock
2026-05-10T14:22:07.070+03:00  INFO 56240 --- [           main] liquibase.command                        : Using deploymentId: 8412121696
2026-05-10T14:22:07.072+03:00  INFO 56240 --- [           main] liquibase.changelog                      : Reading from public.databasechangelog
2026-05-10T14:22:07.092+03:00  INFO 56240 --- [           main] liquibase.ui                             : Running Changeset: db/changelog/db.changelog-master.yaml::1-create-documents-table::ktu-student
2026-05-10T14:22:07.103+03:00  INFO 56240 --- [           main] liquibase.changelog                      : Table documents created
2026-05-10T14:22:07.106+03:00  INFO 56240 --- [           main] liquibase.changelog                      : ChangeSet db/changelog/db.changelog-master.yaml::1-create-documents-table::ktu-student ran successfully in 12ms
2026-05-10T14:22:07.113+03:00  INFO 56240 --- [           main] liquibase.ui                             : Running Changeset: db/changelog/db.changelog-master.yaml::2-add-file-hash-for-duplicates::ktu-student
2026-05-10T14:22:07.121+03:00  INFO 56240 --- [           main] liquibase.changelog                      : Columns file_hash(VARCHAR(255)) added to documents
2026-05-10T14:22:07.123+03:00  INFO 56240 --- [           main] liquibase.changelog                      : ChangeSet db/changelog/db.changelog-master.yaml::2-add-file-hash-for-duplicates::ktu-student ran successfully in 10ms
2026-05-10T14:22:07.130+03:00  INFO 56240 --- [           main] liquibase.util                           : UPDATE SUMMARY
2026-05-10T14:22:07.130+03:00  INFO 56240 --- [           main] liquibase.util                           : Run:                          2
2026-05-10T14:22:07.130+03:00  INFO 56240 --- [           main] liquibase.util                           : Previously run:               0
2026-05-10T14:22:07.130+03:00  INFO 56240 --- [           main] liquibase.util                           : Filtered out:                 0
2026-05-10T14:22:07.130+03:00  INFO 56240 --- [           main] liquibase.util                           : -------------------------------
2026-05-10T14:22:07.131+03:00  INFO 56240 --- [           main] liquibase.util                           : Total change sets:            2
2026-05-10T14:22:07.131+03:00  INFO 56240 --- [           main] liquibase.util                           : Update summary generated
2026-05-10T14:22:07.133+03:00  INFO 56240 --- [           main] liquibase.command                        : Update command completed successfully.
2026-05-10T14:22:07.134+03:00  INFO 56240 --- [           main] liquibase.ui                             : Liquibase: Update has been successful. Rows affected: 0
2026-05-10T14:22:07.138+03:00  INFO 56240 --- [           main] liquibase.lockservice                    : Successfully released change log lock
2026-05-10T14:22:07.140+03:00  INFO 56240 --- [           main] liquibase.command                        : Command execution complete
2026-05-10T14:22:07.233+03:00  INFO 56240 --- [           main] org.hibernate.orm.jpa                    : HHH008540: Processing PersistenceUnitInfo [name: default]
2026-05-10T14:22:07.301+03:00  INFO 56240 --- [           main] org.hibernate.orm.core                   : HHH000001: Hibernate ORM core version 7.2.12.Final
2026-05-10T14:22:07.541+03:00  INFO 56240 --- [           main] o.s.o.j.p.SpringPersistenceUnitInfo      : No LoadTimeWeaver setup: ignoring JPA class transformer
2026-05-10T14:22:07.611+03:00  INFO 56240 --- [           main] org.hibernate.orm.connections.pooling    : HHH10001005: Database info:
	Database JDBC URL [jdbc:postgresql://localhost:63431/test?loggerLevel=OFF]
	Database driver: PostgreSQL JDBC Driver
	Database dialect: PostgreSQLDialect
	Database version: 16.13
	Default catalog/schema: test/public
	Autocommit mode: undefined/unknown
	Isolation level: READ_COMMITTED [default READ_COMMITTED]
	JDBC fetch size: none
	Pool: DataSourceConnectionProvider
	Minimum pool size: undefined/unknown
	Maximum pool size: undefined/unknown
2026-05-10T14:22:08.191+03:00  INFO 56240 --- [           main] org.hibernate.orm.core                   : HHH000489: No JTA platform available (set 'hibernate.transaction.jta.platform' to enable JTA platform integration)
2026-05-10T14:22:08.223+03:00  INFO 56240 --- [           main] j.LocalContainerEntityManagerFactoryBean : Initialized JPA EntityManagerFactory for persistence unit 'default'
2026-05-10T14:22:08.290+03:00  INFO 56240 --- [           main] o.s.d.j.r.query.QueryEnhancerFactories   : Hibernate is in classpath; If applicable, HQL parser will be used.
2026-05-10T14:22:08.429+03:00  INFO 56240 --- [           main] c.e.k.s.impl.FileStorageServiceImpl      : Initializing File Storage at location: C:\Users\ASUS\Desktop\ktu-document-management\ktu-document-management\test-uploads
2026-05-10T14:22:08.506+03:00  WARN 56240 --- [           main] JpaBaseConfiguration$JpaWebConfiguration : spring.jpa.open-in-view is enabled by default. Therefore, database queries may be performed during view rendering. Explicitly configure spring.jpa.open-in-view to disable this warning
2026-05-10T14:22:08.746+03:00  INFO 56240 --- [           main] o.a.c.c.C.[Tomcat].[localhost].[/]       : Initializing Spring TestDispatcherServlet ''
2026-05-10T14:22:08.746+03:00  INFO 56240 --- [           main] o.s.t.web.servlet.TestDispatcherServlet  : Initializing Servlet ''
2026-05-10T14:22:08.748+03:00  INFO 56240 --- [           main] o.s.t.web.servlet.TestDispatcherServlet  : Completed initialization in 2 ms
2026-05-10T14:22:08.785+03:00  INFO 56240 --- [           main] o.s.boot.tomcat.TomcatWebServer          : Tomcat started on port 63447 (http) with context path '/'
2026-05-10T14:22:08.790+03:00  INFO 56240 --- [           main] c.e.k.it.DocumentITest                   : Started DocumentITest in 8.448 seconds (process running for 12.516)
2026-05-10T14:22:08.791+03:00  WARN 56240 --- [           main] o.s.core.events.SpringDocAppInitializer  : SpringDoc /v3/api-docs endpoint is enabled by default. To disable it in production, set the property 'springdoc.api-docs.enabled=false'
2026-05-10T14:22:08.791+03:00  WARN 56240 --- [           main] o.s.core.events.SpringDocAppInitializer  : SpringDoc /swagger-ui.html endpoint is enabled by default. To disable it in production, set the property 'springdoc.swagger-ui.enabled=false'
2026-05-10T14:22:08.801+03:00  INFO 56240 --- [           main] c.e.k.controller.DocumentController      : REST request to upload document: report.pdf by Jane Doe
2026-05-10T14:22:08.802+03:00  INFO 56240 --- [           main] c.e.k.service.impl.DocumentServiceImpl   : Initiating document upload for file: 'report.pdf' by author: 'Jane Doe'
2026-05-10T14:22:09.158+03:00  INFO 56240 --- [           main] c.e.k.s.impl.FileStorageServiceImpl      : File report.pdf successfully stored as 1743dea1-f0fc-4a14-95a9-4ceefce17344.pdf
2026-05-10T14:22:09.189+03:00  INFO 56240 --- [           main] c.e.k.service.impl.DocumentServiceImpl   : Document uploaded successfully. Assigned ID: 79178ca5-37dc-4f5b-a756-6d49c0d46dcb
]]></system-out>
  </testcase>
  <testcase name="generateReport_Returns200_WithExcelContentType" classname="com.example.ktu_document_management.it.DocumentITest" time="0.53">
    <system-out><![CDATA[2026-05-10T14:22:09.280+03:00  INFO 56240 --- [           main] c.e.k.controller.DocumentController      : REST request to upload document: data.xlsx by Dave
2026-05-10T14:22:09.281+03:00  INFO 56240 --- [           main] c.e.k.service.impl.DocumentServiceImpl   : Initiating document upload for file: 'data.xlsx' by author: 'Dave'
2026-05-10T14:22:09.284+03:00  INFO 56240 --- [           main] c.e.k.s.impl.FileStorageServiceImpl      : File data.xlsx successfully stored as 3c5f3436-86f3-400c-a670-7f7877690a56.xlsx
2026-05-10T14:22:09.291+03:00  INFO 56240 --- [           main] c.e.k.service.impl.DocumentServiceImpl   : Document uploaded successfully. Assigned ID: 189b8659-b2a1-4957-9870-17f32e35aea4
2026-05-10T14:22:09.293+03:00  INFO 56240 --- [           main] c.e.k.controller.DocumentController      : REST request to generate Excel report of all documents
2026-05-10T14:22:09.293+03:00  INFO 56240 --- [           main] c.e.k.service.impl.DocumentServiceImpl   : Initiating Excel report generation for all documents.
2026-05-10T14:22:09.794+03:00  INFO 56240 --- [           main] c.e.k.service.impl.DocumentServiceImpl   : Excel report generated successfully containing 1 records.
]]></system-out>
  </testcase>
  <testcase name="downloadDocument_Returns200_WithFileBytes" classname="com.example.ktu_document_management.it.DocumentITest" time="0.031">
    <system-out><![CDATA[2026-05-10T14:22:09.812+03:00  INFO 56240 --- [           main] c.e.k.controller.DocumentController      : REST request to upload document: report.xlsx by Charlie
2026-05-10T14:22:09.812+03:00  INFO 56240 --- [           main] c.e.k.service.impl.DocumentServiceImpl   : Initiating document upload for file: 'report.xlsx' by author: 'Charlie'
2026-05-10T14:22:09.815+03:00  INFO 56240 --- [           main] c.e.k.s.impl.FileStorageServiceImpl      : File report.xlsx successfully stored as 6fc76fad-4d47-40ef-ba4e-bef3af1db052.xlsx
2026-05-10T14:22:09.817+03:00  INFO 56240 --- [           main] c.e.k.service.impl.DocumentServiceImpl   : Document uploaded successfully. Assigned ID: cc60582b-cce6-4f98-a33b-a23079ce6b49
2026-05-10T14:22:09.820+03:00  INFO 56240 --- [           main] c.e.k.controller.DocumentController      : REST request to download document ID: cc60582b-cce6-4f98-a33b-a23079ce6b49
2026-05-10T14:22:09.820+03:00  INFO 56240 --- [           main] c.e.k.service.impl.DocumentServiceImpl   : Processing service request to download document ID: cc60582b-cce6-4f98-a33b-a23079ce6b49
2026-05-10T14:22:09.827+03:00  INFO 56240 --- [           main] c.e.k.s.impl.FileStorageServiceImpl      : File found and ready for retrieval: 6fc76fad-4d47-40ef-ba4e-bef3af1db052.xlsx
]]></system-out>
  </testcase>
  <testcase name="downloadDocument_NotFound_Returns404" classname="com.example.ktu_document_management.it.DocumentITest" time="0.011">
    <system-out><![CDATA[2026-05-10T14:22:09.843+03:00  INFO 56240 --- [           main] c.e.k.controller.DocumentController      : REST request to download document ID: 00000000-0000-0000-0000-000000000000
2026-05-10T14:22:09.843+03:00  INFO 56240 --- [           main] c.e.k.service.impl.DocumentServiceImpl   : Processing service request to download document ID: 00000000-0000-0000-0000-000000000000
2026-05-10T14:22:09.845+03:00  WARN 56240 --- [           main] c.e.k.service.impl.DocumentServiceImpl   : Fetch failed: Document with ID '00000000-0000-0000-0000-000000000000' not found in database.
2026-05-10T14:22:09.846+03:00  WARN 56240 --- [           main] c.e.k.exception.GlobalExceptionHandler   : Document not found: Document with ID 00000000-0000-0000-0000-000000000000 was not found.
]]></system-out>
  </testcase>
  <testcase name="uploadDocument_Duplicate_Returns409" classname="com.example.ktu_document_management.it.DocumentITest" time="0.021">
    <system-out><![CDATA[2026-05-10T14:22:09.855+03:00  INFO 56240 --- [           main] c.e.k.controller.DocumentController      : REST request to upload document: report.pdf by Jane Doe
2026-05-10T14:22:09.856+03:00  INFO 56240 --- [           main] c.e.k.service.impl.DocumentServiceImpl   : Initiating document upload for file: 'report.pdf' by author: 'Jane Doe'
2026-05-10T14:22:09.859+03:00  INFO 56240 --- [           main] c.e.k.s.impl.FileStorageServiceImpl      : File report.pdf successfully stored as d2c6c5fc-78ab-4186-ab36-6d46e28d3f3d.pdf
2026-05-10T14:22:09.860+03:00  INFO 56240 --- [           main] c.e.k.service.impl.DocumentServiceImpl   : Document uploaded successfully. Assigned ID: 1e9b6662-17b1-41ba-a29d-6f30a5e0ee64
2026-05-10T14:22:09.863+03:00  INFO 56240 --- [           main] c.e.k.controller.DocumentController      : REST request to upload document: report.pdf by Jane Doe
2026-05-10T14:22:09.863+03:00  INFO 56240 --- [           main] c.e.k.service.impl.DocumentServiceImpl   : Initiating document upload for file: 'report.pdf' by author: 'Jane Doe'
2026-05-10T14:22:09.865+03:00  WARN 56240 --- [           main] c.e.k.service.impl.DocumentServiceImpl   : Duplicate upload blocked. A document with hash D470FB79161A8FE8AD958E060219371A021EFCD64F2BC630FF99C67E9FF05F61 already exists.
2026-05-10T14:22:09.866+03:00  WARN 56240 --- [           main] c.e.k.exception.GlobalExceptionHandler   : Duplicate upload attempt: A document with this exact content already exists.
]]></system-out>
  </testcase>
  <testcase name="exportZip_Returns200_WithZipContentType" classname="com.example.ktu_document_management.it.DocumentITest" time="0.041">
    <system-out><![CDATA[2026-05-10T14:22:09.878+03:00  INFO 56240 --- [           main] c.e.k.controller.DocumentController      : REST request to upload document: doc1.pdf by Eve
2026-05-10T14:22:09.878+03:00  INFO 56240 --- [           main] c.e.k.service.impl.DocumentServiceImpl   : Initiating document upload for file: 'doc1.pdf' by author: 'Eve'
2026-05-10T14:22:09.881+03:00  INFO 56240 --- [           main] c.e.k.s.impl.FileStorageServiceImpl      : File doc1.pdf successfully stored as 3aa218f6-25f3-4cf9-80cd-4dc0583d4db9.pdf
2026-05-10T14:22:09.884+03:00  INFO 56240 --- [           main] c.e.k.service.impl.DocumentServiceImpl   : Document uploaded successfully. Assigned ID: f8d0378f-5eb6-40b1-b172-e42e1ce15c13
2026-05-10T14:22:09.885+03:00  INFO 56240 --- [           main] c.e.k.controller.DocumentController      : REST request to upload document: doc2.pdf by Eve
2026-05-10T14:22:09.885+03:00  INFO 56240 --- [           main] c.e.k.service.impl.DocumentServiceImpl   : Initiating document upload for file: 'doc2.pdf' by author: 'Eve'
2026-05-10T14:22:09.888+03:00  INFO 56240 --- [           main] c.e.k.s.impl.FileStorageServiceImpl      : File doc2.pdf successfully stored as 0dae758f-7c05-4de1-922b-e098124ed9a7.pdf
2026-05-10T14:22:09.890+03:00  INFO 56240 --- [           main] c.e.k.service.impl.DocumentServiceImpl   : Document uploaded successfully. Assigned ID: 2f32be66-1b17-4688-9403-51b157c05118
2026-05-10T14:22:09.892+03:00  INFO 56240 --- [           main] c.e.k.controller.DocumentController      : REST request to export documents to ZIP with criteria - Name: null, Type: null, Author: Eve
2026-05-10T14:22:09.892+03:00  INFO 56240 --- [           main] c.e.k.service.impl.DocumentServiceImpl   : Processing service request for ZIP export with datetime stamp
2026-05-10T14:22:09.905+03:00  INFO 56240 --- [           main] c.e.k.s.impl.FileStorageServiceImpl      : File found and ready for retrieval: 3aa218f6-25f3-4cf9-80cd-4dc0583d4db9.pdf
2026-05-10T14:22:09.906+03:00  INFO 56240 --- [           main] c.e.k.s.impl.FileStorageServiceImpl      : File found and ready for retrieval: 0dae758f-7c05-4de1-922b-e098124ed9a7.pdf
2026-05-10T14:22:09.906+03:00  INFO 56240 --- [           main] c.e.k.service.impl.DocumentServiceImpl   : ZIP export prepared with filename: doc1_20260510_1422.zip
]]></system-out>
  </testcase>
  <testcase name="searchDocuments_Returns200_WithMatchingResults" classname="com.example.ktu_document_management.it.DocumentITest" time="0.03">
    <system-out><![CDATA[2026-05-10T14:22:09.919+03:00  INFO 56240 --- [           main] c.e.k.controller.DocumentController      : REST request to upload document: budget.pdf by Alice
2026-05-10T14:22:09.919+03:00  INFO 56240 --- [           main] c.e.k.service.impl.DocumentServiceImpl   : Initiating document upload for file: 'budget.pdf' by author: 'Alice'
2026-05-10T14:22:09.924+03:00  INFO 56240 --- [           main] c.e.k.s.impl.FileStorageServiceImpl      : File budget.pdf successfully stored as ff1ab776-cf9c-4b87-ab78-f326a9cd1ce3.pdf
2026-05-10T14:22:09.927+03:00  INFO 56240 --- [           main] c.e.k.service.impl.DocumentServiceImpl   : Document uploaded successfully. Assigned ID: bb89262f-55cf-4839-ba09-7bad602494ec
2026-05-10T14:22:09.929+03:00  INFO 56240 --- [           main] c.e.k.controller.DocumentController      : REST request to upload document: thesis.docx by Bob
2026-05-10T14:22:09.929+03:00  INFO 56240 --- [           main] c.e.k.service.impl.DocumentServiceImpl   : Initiating document upload for file: 'thesis.docx' by author: 'Bob'
2026-05-10T14:22:09.931+03:00  INFO 56240 --- [           main] c.e.k.s.impl.FileStorageServiceImpl      : File thesis.docx successfully stored as 28e9e565-0afb-451c-8830-0f3743cc9d48.docx
2026-05-10T14:22:09.934+03:00  INFO 56240 --- [           main] c.e.k.service.impl.DocumentServiceImpl   : Document uploaded successfully. Assigned ID: e22d6d95-75be-4865-b9e3-13882bd2b9fa
2026-05-10T14:22:09.935+03:00  INFO 56240 --- [           main] c.e.k.controller.DocumentController      : REST request to search documents with criteria - Name: null, Type: null, Author: Alice
2026-05-10T14:22:09.935+03:00  INFO 56240 --- [           main] c.e.k.service.impl.DocumentServiceImpl   : Searching documents with filters -> name: 'null', type: 'null', author: 'Alice'
]]></system-out>
  </testcase>
  <testcase name="uploadDocument_InvalidType_Returns400" classname="com.example.ktu_document_management.it.DocumentITest" time="0.008">
    <system-out><![CDATA[2026-05-10T14:22:09.951+03:00  INFO 56240 --- [           main] c.e.k.controller.DocumentController      : REST request to upload document: virus.exe by Jane Doe
2026-05-10T14:22:09.952+03:00  INFO 56240 --- [           main] c.e.k.service.impl.DocumentServiceImpl   : Initiating document upload for file: 'virus.exe' by author: 'Jane Doe'
2026-05-10T14:22:09.952+03:00  WARN 56240 --- [           main] c.e.k.service.impl.DocumentServiceImpl   : Upload rejected. Unsupported file extension: 'exe'
2026-05-10T14:22:09.952+03:00  WARN 56240 --- [           main] c.e.k.exception.GlobalExceptionHandler   : Invalid request payload: Unsupported file type. Only PDF, DOCX, and XLSX are allowed.
]]></system-out>
  </testcase>
</testsuite>